D:\SOURCECODES\LIBSIDPLAYFP\BRANCHES\SIDPLAY-LIBS-2.1.1\BUILDERS\RESID-BUILDER\WIN\VC\DEBUG\RESID.OBJ
D:\SOURCECODES\LIBSIDPLAYFP\BRANCHES\SIDPLAY-LIBS-2.1.1\BUILDERS\RESID-BUILDER\WIN\VC\DEBUG\RESID-BUILDER.OBJ
D:\SOURCECODES\LIBSIDPLAYFP\BRANCHES\SIDPLAY-LIBS-2.1.1\BUILDERS\RESID-BUILDER\WIN\VC\DEBUG\WAVE8580_PST.OBJ
D:\SOURCECODES\LIBSIDPLAYFP\BRANCHES\SIDPLAY-LIBS-2.1.1\BUILDERS\RESID-BUILDER\WIN\VC\DEBUG\WAVE8580_PS_.OBJ
D:\SOURCECODES\LIBSIDPLAYFP\BRANCHES\SIDPLAY-LIBS-2.1.1\BUILDERS\RESID-BUILDER\WIN\VC\DEBUG\WAVE8580_P_T.OBJ
D:\SOURCECODES\LIBSIDPLAYFP\BRANCHES\SIDPLAY-LIBS-2.1.1\BUILDERS\RESID-BUILDER\WIN\VC\DEBUG\WAVE8580__ST.OBJ
D:\SOURCECODES\LIBSIDPLAYFP\BRANCHES\SIDPLAY-LIBS-2.1.1\BUILDERS\RESID-BUILDER\WIN\VC\DEBUG\WAVE6581_PST.OBJ
D:\SOURCECODES\LIBSIDPLAYFP\BRANCHES\SIDPLAY-LIBS-2.1.1\BUILDERS\RESID-BUILDER\WIN\VC\DEBUG\WAVE6581_PS_.OBJ
D:\SOURCECODES\LIBSIDPLAYFP\BRANCHES\SIDPLAY-LIBS-2.1.1\BUILDERS\RESID-BUILDER\WIN\VC\DEBUG\WAVE6581_P_T.OBJ
D:\SOURCECODES\LIBSIDPLAYFP\BRANCHES\SIDPLAY-LIBS-2.1.1\BUILDERS\RESID-BUILDER\WIN\VC\DEBUG\WAVE6581__ST.OBJ
D:\SOURCECODES\LIBSIDPLAYFP\BRANCHES\SIDPLAY-LIBS-2.1.1\BUILDERS\RESID-BUILDER\WIN\VC\DEBUG\WAVE.OBJ
D:\SOURCECODES\LIBSIDPLAYFP\BRANCHES\SIDPLAY-LIBS-2.1.1\BUILDERS\RESID-BUILDER\WIN\VC\DEBUG\VOICE.OBJ
D:\SOURCECODES\LIBSIDPLAYFP\BRANCHES\SIDPLAY-LIBS-2.1.1\BUILDERS\RESID-BUILDER\WIN\VC\DEBUG\VERSION.OBJ
D:\SOURCECODES\LIBSIDPLAYFP\BRANCHES\SIDPLAY-LIBS-2.1.1\BUILDERS\RESID-BUILDER\WIN\VC\DEBUG\SID.OBJ
D:\SOURCECODES\LIBSIDPLAYFP\BRANCHES\SIDPLAY-LIBS-2.1.1\BUILDERS\RESID-BUILDER\WIN\VC\DEBUG\POT.OBJ
D:\SOURCECODES\LIBSIDPLAYFP\BRANCHES\SIDPLAY-LIBS-2.1.1\BUILDERS\RESID-BUILDER\WIN\VC\DEBUG\FILTER.OBJ
D:\SOURCECODES\LIBSIDPLAYFP\BRANCHES\SIDPLAY-LIBS-2.1.1\BUILDERS\RESID-BUILDER\WIN\VC\DEBUG\EXTFILT.OBJ
D:\SOURCECODES\LIBSIDPLAYFP\BRANCHES\SIDPLAY-LIBS-2.1.1\BUILDERS\RESID-BUILDER\WIN\VC\DEBUG\ENVELOPE.OBJ
D:\SOURCECODES\LIBSIDPLAYFP\BRANCHES\SIDPLAY-LIBS-2.1.1\BUILDERS\RESID-BUILDER\WIN\VC\DEBUG\VC110.PDB
D:\SOURCECODES\LIBSIDPLAYFP\SIDPLAY-LIBS-2.1.1\BUILDERS\RESID-BUILDER\WIN\VC\DEBUG\RESID.OBJ
D:\SOURCECODES\LIBSIDPLAYFP\SIDPLAY-LIBS-2.1.1\BUILDERS\RESID-BUILDER\WIN\VC\DEBUG\RESID-BUILDER.OBJ
D:\SOURCECODES\LIBSIDPLAYFP\SIDPLAY-LIBS-2.1.1\BUILDERS\RESID-BUILDER\WIN\VC\DEBUG\WAVE8580_PST.OBJ
D:\SOURCECODES\LIBSIDPLAYFP\SIDPLAY-LIBS-2.1.1\BUILDERS\RESID-BUILDER\WIN\VC\DEBUG\WAVE8580_PS_.OBJ
D:\SOURCECODES\LIBSIDPLAYFP\SIDPLAY-LIBS-2.1.1\BUILDERS\RESID-BUILDER\WIN\VC\DEBUG\WAVE8580_P_T.OBJ
D:\SOURCECODES\LIBSIDPLAYFP\SIDPLAY-LIBS-2.1.1\BUILDERS\RESID-BUILDER\WIN\VC\DEBUG\WAVE8580__ST.OBJ
D:\SOURCECODES\LIBSIDPLAYFP\SIDPLAY-LIBS-2.1.1\BUILDERS\RESID-BUILDER\WIN\VC\DEBUG\WAVE6581_PST.OBJ
D:\SOURCECODES\LIBSIDPLAYFP\SIDPLAY-LIBS-2.1.1\BUILDERS\RESID-BUILDER\WIN\VC\DEBUG\WAVE6581_PS_.OBJ
D:\SOURCECODES\LIBSIDPLAYFP\SIDPLAY-LIBS-2.1.1\BUILDERS\RESID-BUILDER\WIN\VC\DEBUG\WAVE6581_P_T.OBJ
D:\SOURCECODES\LIBSIDPLAYFP\SIDPLAY-LIBS-2.1.1\BUILDERS\RESID-BUILDER\WIN\VC\DEBUG\WAVE6581__ST.OBJ
D:\SOURCECODES\LIBSIDPLAYFP\SIDPLAY-LIBS-2.1.1\BUILDERS\RESID-BUILDER\WIN\VC\DEBUG\WAVE.OBJ
D:\SOURCECODES\LIBSIDPLAYFP\SIDPLAY-LIBS-2.1.1\BUILDERS\RESID-BUILDER\WIN\VC\DEBUG\VOICE.OBJ
D:\SOURCECODES\LIBSIDPLAYFP\SIDPLAY-LIBS-2.1.1\BUILDERS\RESID-BUILDER\WIN\VC\DEBUG\VERSION.OBJ
D:\SOURCECODES\LIBSIDPLAYFP\SIDPLAY-LIBS-2.1.1\BUILDERS\RESID-BUILDER\WIN\VC\DEBUG\SID.OBJ
D:\SOURCECODES\LIBSIDPLAYFP\SIDPLAY-LIBS-2.1.1\BUILDERS\RESID-BUILDER\WIN\VC\DEBUG\POT.OBJ
D:\SOURCECODES\LIBSIDPLAYFP\SIDPLAY-LIBS-2.1.1\BUILDERS\RESID-BUILDER\WIN\VC\DEBUG\FILTER.OBJ
D:\SOURCECODES\LIBSIDPLAYFP\SIDPLAY-LIBS-2.1.1\BUILDERS\RESID-BUILDER\WIN\VC\DEBUG\EXTFILT.OBJ
D:\SOURCECODES\LIBSIDPLAYFP\SIDPLAY-LIBS-2.1.1\BUILDERS\RESID-BUILDER\WIN\VC\DEBUG\ENVELOPE.OBJ
D:\SOURCECODES\LIBSIDPLAYFP\SIDPLAY-LIBS-2.1.1\BUILDERS\RESID-BUILDER\WIN\VC\DEBUG\VC110.PDB
D:\SOURCECODES\LIBSIDPLAYFP\BRANCHES\SIDPLAYFP-1.0\WIN\VC\DEBUG\RESID_BUILDER.LIB
D:\SOURCECODES\LIBSIDPLAYFP\SIDPLAYFP-1.0\WIN\VC\DEBUG\RESID_BUILDER.LIB
D:\SourceCodes\libsidplayfp\sidplay-libs-2.1.1\builders\resid-builder\win\VC\Debug\envelope.obj
D:\SourceCodes\libsidplayfp\sidplay-libs-2.1.1\builders\resid-builder\win\VC\Debug\extfilt.obj
D:\SourceCodes\libsidplayfp\sidplay-libs-2.1.1\builders\resid-builder\win\VC\Debug\filter.obj
D:\SourceCodes\libsidplayfp\sidplay-libs-2.1.1\builders\resid-builder\win\VC\Debug\pot.obj
D:\SourceCodes\libsidplayfp\sidplay-libs-2.1.1\builders\resid-builder\win\VC\Debug\resid-builder.obj
D:\SourceCodes\libsidplayfp\sidplay-libs-2.1.1\builders\resid-builder\win\VC\Debug\resid.obj
D:\SourceCodes\libsidplayfp\sidplay-libs-2.1.1\builders\resid-builder\win\VC\Debug\sid.obj
D:\SourceCodes\libsidplayfp\sidplay-libs-2.1.1\builders\resid-builder\win\VC\Debug\version.obj
D:\SourceCodes\libsidplayfp\sidplay-libs-2.1.1\builders\resid-builder\win\VC\Debug\voice.obj
D:\SourceCodes\libsidplayfp\sidplay-libs-2.1.1\builders\resid-builder\win\VC\Debug\wave.obj
D:\SourceCodes\libsidplayfp\sidplay-libs-2.1.1\builders\resid-builder\win\VC\Debug\wave6581_PST.obj
D:\SourceCodes\libsidplayfp\sidplay-libs-2.1.1\builders\resid-builder\win\VC\Debug\wave6581_PS_.obj
D:\SourceCodes\libsidplayfp\sidplay-libs-2.1.1\builders\resid-builder\win\VC\Debug\wave6581_P_T.obj
D:\SourceCodes\libsidplayfp\sidplay-libs-2.1.1\builders\resid-builder\win\VC\Debug\wave6581__ST.obj
D:\SourceCodes\libsidplayfp\sidplay-libs-2.1.1\builders\resid-builder\win\VC\Debug\wave8580_PST.obj
D:\SourceCodes\libsidplayfp\sidplay-libs-2.1.1\builders\resid-builder\win\VC\Debug\wave8580_PS_.obj
D:\SourceCodes\libsidplayfp\sidplay-libs-2.1.1\builders\resid-builder\win\VC\Debug\wave8580_P_T.obj
D:\SourceCodes\libsidplayfp\sidplay-libs-2.1.1\builders\resid-builder\win\VC\Debug\wave8580__ST.obj
D:\SourceCodes\libsidplayfp\sidplay-libs-2.1.1\builders\resid-builder\win\VC\Debug\cl.command.1.tlog
D:\SourceCodes\libsidplayfp\sidplay-libs-2.1.1\builders\resid-builder\win\VC\Debug\CL.read.1.tlog
D:\SourceCodes\libsidplayfp\sidplay-libs-2.1.1\builders\resid-builder\win\VC\Debug\CL.write.1.tlog
D:\SourceCodes\libsidplayfp\sidplay-libs-2.1.1\builders\resid-builder\win\VC\Debug\Lib-link.read.1.tlog
D:\SourceCodes\libsidplayfp\sidplay-libs-2.1.1\builders\resid-builder\win\VC\Debug\Lib-link.write.1.tlog
D:\SourceCodes\libsidplayfp\sidplay-libs-2.1.1\builders\resid-builder\win\VC\Debug\lib.command.1.tlog
D:\SourceCodes\libsidplayfp\sidplay-libs-2.1.1\builders\resid-builder\win\VC\Debug\vc110.idb
D:\SourceCodes\libsidplayfp\sidplay-libs-2.1.1\builders\resid-builder\win\VC\Debug\vc110.pdb
D:\SourceCodes\libsidplayfp\sidplayfp-1.0\win\VC\Debug\resid_builder.lib
