D:\SOURCECODES\LIBSIDPLAYFP\BRANCHES\SIDPLAY-LIBS-2.1.1\SIDPLAY\WIN\VC\DEBUG\SIDPLAY2.OBJ
D:\SOURCECODES\LIBSIDPLAYFP\BRANCHES\SIDPLAY-LIBS-2.1.1\SIDPLAY\WIN\VC\DEBUG\PSIDDRV.OBJ
D:\SOURCECODES\LIBSIDPLAYFP\BRANCHES\SIDPLAY-LIBS-2.1.1\SIDPLAY\WIN\VC\DEBUG\PLAYER.OBJ
D:\SOURCECODES\LIBSIDPLAYFP\BRANCHES\SIDPLAY-LIBS-2.1.1\SIDPLAY\WIN\VC\DEBUG\MIXER.OBJ
D:\SOURCECODES\LIBSIDPLAYFP\BRANCHES\SIDPLAY-LIBS-2.1.1\SIDPLAY\WIN\VC\DEBUG\EVENT.OBJ
D:\SOURCECODES\LIBSIDPLAYFP\BRANCHES\SIDPLAY-LIBS-2.1.1\SIDPLAY\WIN\VC\DEBUG\CONFIG.OBJ
D:\SOURCECODES\LIBSIDPLAYFP\BRANCHES\SIDPLAY-LIBS-2.1.1\SIDPLAY\WIN\VC\DEBUG\XSID.OBJ
D:\SOURCECODES\LIBSIDPLAYFP\BRANCHES\SIDPLAY-LIBS-2.1.1\SIDPLAY\WIN\VC\DEBUG\SIDTUNETOOLS.OBJ
D:\SOURCECODES\LIBSIDPLAYFP\BRANCHES\SIDPLAY-LIBS-2.1.1\SIDPLAY\WIN\VC\DEBUG\SIDTUNE.OBJ
D:\SOURCECODES\LIBSIDPLAYFP\BRANCHES\SIDPLAY-LIBS-2.1.1\SIDPLAY\WIN\VC\DEBUG\PSID.OBJ
D:\SOURCECODES\LIBSIDPLAYFP\BRANCHES\SIDPLAY-LIBS-2.1.1\SIDPLAY\WIN\VC\DEBUG\PRG.OBJ
D:\SOURCECODES\LIBSIDPLAYFP\BRANCHES\SIDPLAY-LIBS-2.1.1\SIDPLAY\WIN\VC\DEBUG\PP20.OBJ
D:\SOURCECODES\LIBSIDPLAYFP\BRANCHES\SIDPLAY-LIBS-2.1.1\SIDPLAY\WIN\VC\DEBUG\MUS.OBJ
D:\SOURCECODES\LIBSIDPLAYFP\BRANCHES\SIDPLAY-LIBS-2.1.1\SIDPLAY\WIN\VC\DEBUG\INFOFILE.OBJ
D:\SOURCECODES\LIBSIDPLAYFP\BRANCHES\SIDPLAY-LIBS-2.1.1\SIDPLAY\WIN\VC\DEBUG\ICONINFO.OBJ
D:\SOURCECODES\LIBSIDPLAYFP\BRANCHES\SIDPLAY-LIBS-2.1.1\SIDPLAY\WIN\VC\DEBUG\SID6526.OBJ
D:\SOURCECODES\LIBSIDPLAYFP\BRANCHES\SIDPLAY-LIBS-2.1.1\SIDPLAY\WIN\VC\DEBUG\MOS656X.OBJ
D:\SOURCECODES\LIBSIDPLAYFP\BRANCHES\SIDPLAY-LIBS-2.1.1\SIDPLAY\WIN\VC\DEBUG\MOS6526.OBJ
D:\SOURCECODES\LIBSIDPLAYFP\BRANCHES\SIDPLAY-LIBS-2.1.1\SIDPLAY\WIN\VC\DEBUG\MOS6510.OBJ
D:\SOURCECODES\LIBSIDPLAYFP\BRANCHES\SIDPLAY-LIBS-2.1.1\SIDPLAY\WIN\VC\DEBUG\VC110.PDB
D:\SOURCECODES\LIBSIDPLAYFP\BRANCHES\SIDPLAY-LIBS-2.1.1\SIDPLAY\WIN\VC\DEBUG\SIDPLAYWRAPPER.OBJ
D:\SOURCECODES\LIBSIDPLAYFP\BRANCHES\SIDPLAY-LIBS-2.1.1\SIDPLAY\WIN\VC\DEBUG\P00.OBJ
D:\SOURCECODES\LIBSIDPLAYFP\BRANCHES\SIDPLAY-LIBS-2.1.1\SIDPLAY\WIN\VC\DEBUG\RELOC65.OBJ
D:\SOURCECODES\LIBSIDPLAYFP\SIDPLAY-LIBS-2.1.1\SIDPLAY\WIN\VC\DEBUG\SIDPLAY2.OBJ
D:\SOURCECODES\LIBSIDPLAYFP\SIDPLAY-LIBS-2.1.1\SIDPLAY\WIN\VC\DEBUG\PSIDDRV.OBJ
D:\SOURCECODES\LIBSIDPLAYFP\SIDPLAY-LIBS-2.1.1\SIDPLAY\WIN\VC\DEBUG\PLAYER.OBJ
D:\SOURCECODES\LIBSIDPLAYFP\SIDPLAY-LIBS-2.1.1\SIDPLAY\WIN\VC\DEBUG\MIXER.OBJ
D:\SOURCECODES\LIBSIDPLAYFP\SIDPLAY-LIBS-2.1.1\SIDPLAY\WIN\VC\DEBUG\EVENT.OBJ
D:\SOURCECODES\LIBSIDPLAYFP\SIDPLAY-LIBS-2.1.1\SIDPLAY\WIN\VC\DEBUG\CONFIG.OBJ
D:\SOURCECODES\LIBSIDPLAYFP\SIDPLAY-LIBS-2.1.1\SIDPLAY\WIN\VC\DEBUG\XSID.OBJ
D:\SOURCECODES\LIBSIDPLAYFP\SIDPLAY-LIBS-2.1.1\SIDPLAY\WIN\VC\DEBUG\SIDTUNETOOLS.OBJ
D:\SOURCECODES\LIBSIDPLAYFP\SIDPLAY-LIBS-2.1.1\SIDPLAY\WIN\VC\DEBUG\SIDTUNE.OBJ
D:\SOURCECODES\LIBSIDPLAYFP\SIDPLAY-LIBS-2.1.1\SIDPLAY\WIN\VC\DEBUG\PSID.OBJ
D:\SOURCECODES\LIBSIDPLAYFP\SIDPLAY-LIBS-2.1.1\SIDPLAY\WIN\VC\DEBUG\PRG.OBJ
D:\SOURCECODES\LIBSIDPLAYFP\SIDPLAY-LIBS-2.1.1\SIDPLAY\WIN\VC\DEBUG\PP20.OBJ
D:\SOURCECODES\LIBSIDPLAYFP\SIDPLAY-LIBS-2.1.1\SIDPLAY\WIN\VC\DEBUG\MUS.OBJ
D:\SOURCECODES\LIBSIDPLAYFP\SIDPLAY-LIBS-2.1.1\SIDPLAY\WIN\VC\DEBUG\INFOFILE.OBJ
D:\SOURCECODES\LIBSIDPLAYFP\SIDPLAY-LIBS-2.1.1\SIDPLAY\WIN\VC\DEBUG\ICONINFO.OBJ
D:\SOURCECODES\LIBSIDPLAYFP\SIDPLAY-LIBS-2.1.1\SIDPLAY\WIN\VC\DEBUG\SID6526.OBJ
D:\SOURCECODES\LIBSIDPLAYFP\SIDPLAY-LIBS-2.1.1\SIDPLAY\WIN\VC\DEBUG\MOS656X.OBJ
D:\SOURCECODES\LIBSIDPLAYFP\SIDPLAY-LIBS-2.1.1\SIDPLAY\WIN\VC\DEBUG\MOS6526.OBJ
D:\SOURCECODES\LIBSIDPLAYFP\SIDPLAY-LIBS-2.1.1\SIDPLAY\WIN\VC\DEBUG\MOS6510.OBJ
D:\SOURCECODES\LIBSIDPLAYFP\SIDPLAY-LIBS-2.1.1\SIDPLAY\WIN\VC\DEBUG\VC110.PDB
D:\SOURCECODES\LIBSIDPLAYFP\SIDPLAY-LIBS-2.1.1\SIDPLAY\WIN\VC\DEBUG\SIDPLAYWRAPPER.OBJ
D:\SOURCECODES\LIBSIDPLAYFP\SIDPLAY-LIBS-2.1.1\SIDPLAY\WIN\VC\DEBUG\P00.OBJ
D:\SOURCECODES\LIBSIDPLAYFP\SIDPLAY-LIBS-2.1.1\SIDPLAY\WIN\VC\DEBUG\RELOC65.OBJ
D:\SourceCodes\libsidplayfp\branches\sidplay-libs-2.1.1\sidplay\win\VC\Debug\libsidplay2.lib
D:\SourceCodes\libsidplayfp\branches\sidplay-libs-2.1.1\sidplay\win\VC\Debug\libsidplay2.exp
D:\SourceCodes\libsidplayfp\sidplay-libs-2.1.1\sidplay\win\VC\Debug\libsidplay2.lib
D:\SourceCodes\libsidplayfp\sidplay-libs-2.1.1\sidplay\win\VC\Debug\libsidplay2.exp
D:\SOURCECODES\LIBSIDPLAYFP\BRANCHES\SIDPLAYFP-1.0\WIN\VC\DEBUG\LIBSIDPLAY.DLL
D:\SOURCECODES\LIBSIDPLAYFP\BRANCHES\SIDPLAY-LIBS-2.1.1\SIDPLAY\WIN\VC\DEBUG\LIBSIDPLAY2.PDB
D:\SOURCECODES\LIBSIDPLAYFP\SIDPLAYFP-1.0\WIN\VC\DEBUG\LIBSIDPLAY.DLL
D:\SOURCECODES\LIBSIDPLAYFP\SIDPLAY-LIBS-2.1.1\SIDPLAY\WIN\VC\DEBUG\LIBSIDPLAY2.PDB
D:\SourceCodes\libsidplayfp\sidplay-libs-2.1.1\sidplay\win\VC\Debug\config.obj
D:\SourceCodes\libsidplayfp\sidplay-libs-2.1.1\sidplay\win\VC\Debug\event.obj
D:\SourceCodes\libsidplayfp\sidplay-libs-2.1.1\sidplay\win\VC\Debug\IconInfo.obj
D:\SourceCodes\libsidplayfp\sidplay-libs-2.1.1\sidplay\win\VC\Debug\InfoFile.obj
D:\SourceCodes\libsidplayfp\sidplay-libs-2.1.1\sidplay\win\VC\Debug\mixer.obj
D:\SourceCodes\libsidplayfp\sidplay-libs-2.1.1\sidplay\win\VC\Debug\mos6510.obj
D:\SourceCodes\libsidplayfp\sidplay-libs-2.1.1\sidplay\win\VC\Debug\mos6526.obj
D:\SourceCodes\libsidplayfp\sidplay-libs-2.1.1\sidplay\win\VC\Debug\mos656x.obj
D:\SourceCodes\libsidplayfp\sidplay-libs-2.1.1\sidplay\win\VC\Debug\MUS.obj
D:\SourceCodes\libsidplayfp\sidplay-libs-2.1.1\sidplay\win\VC\Debug\p00.obj
D:\SourceCodes\libsidplayfp\sidplay-libs-2.1.1\sidplay\win\VC\Debug\player.obj
D:\SourceCodes\libsidplayfp\sidplay-libs-2.1.1\sidplay\win\VC\Debug\PP20.obj
D:\SourceCodes\libsidplayfp\sidplay-libs-2.1.1\sidplay\win\VC\Debug\PRG.obj
D:\SourceCodes\libsidplayfp\sidplay-libs-2.1.1\sidplay\win\VC\Debug\PSID.obj
D:\SourceCodes\libsidplayfp\sidplay-libs-2.1.1\sidplay\win\VC\Debug\psiddrv.obj
D:\SourceCodes\libsidplayfp\sidplay-libs-2.1.1\sidplay\win\VC\Debug\reloc65.obj
D:\SourceCodes\libsidplayfp\sidplay-libs-2.1.1\sidplay\win\VC\Debug\sid6526.obj
D:\SourceCodes\libsidplayfp\sidplay-libs-2.1.1\sidplay\win\VC\Debug\sidplay2.obj
D:\SourceCodes\libsidplayfp\sidplay-libs-2.1.1\sidplay\win\VC\Debug\SidplayWrapper.obj
D:\SourceCodes\libsidplayfp\sidplay-libs-2.1.1\sidplay\win\VC\Debug\SidTune.obj
D:\SourceCodes\libsidplayfp\sidplay-libs-2.1.1\sidplay\win\VC\Debug\SidTuneTools.obj
D:\SourceCodes\libsidplayfp\sidplay-libs-2.1.1\sidplay\win\VC\Debug\xsid.obj
D:\SourceCodes\libsidplayfp\sidplay-libs-2.1.1\sidplay\win\VC\Debug\cl.command.1.tlog
D:\SourceCodes\libsidplayfp\sidplay-libs-2.1.1\sidplay\win\VC\Debug\CL.read.1.tlog
D:\SourceCodes\libsidplayfp\sidplay-libs-2.1.1\sidplay\win\VC\Debug\CL.write.1.tlog
D:\SourceCodes\libsidplayfp\sidplay-libs-2.1.1\sidplay\win\VC\Debug\libsidplay.write.1.tlog
D:\SourceCodes\libsidplayfp\sidplay-libs-2.1.1\sidplay\win\VC\Debug\link-cvtres.read.1.tlog
D:\SourceCodes\libsidplayfp\sidplay-libs-2.1.1\sidplay\win\VC\Debug\link-cvtres.write.1.tlog
D:\SourceCodes\libsidplayfp\sidplay-libs-2.1.1\sidplay\win\VC\Debug\link-rc.read.1.tlog
D:\SourceCodes\libsidplayfp\sidplay-libs-2.1.1\sidplay\win\VC\Debug\link-rc.write.1.tlog
D:\SourceCodes\libsidplayfp\sidplay-libs-2.1.1\sidplay\win\VC\Debug\link.command.1.tlog
D:\SourceCodes\libsidplayfp\sidplay-libs-2.1.1\sidplay\win\VC\Debug\link.read.1.tlog
D:\SourceCodes\libsidplayfp\sidplay-libs-2.1.1\sidplay\win\VC\Debug\link.write.1.tlog
D:\SourceCodes\libsidplayfp\sidplay-libs-2.1.1\sidplay\win\VC\Debug\vc110.idb
D:\SourceCodes\libsidplayfp\sidplay-libs-2.1.1\sidplay\win\VC\Debug\libsidplay2.pdb
D:\SourceCodes\libsidplayfp\sidplay-libs-2.1.1\sidplay\win\VC\Debug\vc110.pdb
D:\SourceCodes\libsidplayfp\sidplayfp-1.0\win\VC\Debug\libsidplay.dll
